
> wispr@0.1.0 build
> NODE_ENV=production next build

   ▲ Next.js 15.5.9
   - Environments: .env

   Creating an optimized production build ...
<w> [webpack.cache.PackFileCacheStrategy] Skipped not serializable cache item 'Compilation/modules|/Users/erkardo/Desktop/wispr.mn/node_modules/next/dist/build/webpack/loaders/css-loader/src/index.js??ruleSet[1].rules[14].oneOf[10].use[2]!/Users/erkardo/Desktop/wispr.mn/node_modules/next/dist/build/webpack/loaders/postcss-loader/src/index.js??ruleSet[1].rules[14].oneOf[10].use[3]!/Users/erkardo/Desktop/wispr.mn/src/app/globals.css': No serializer registered for PostCSSSyntaxError
<w> while serializing webpack/lib/cache/PackFileCacheStrategy.PackContentItems -> webpack/lib/NormalModule -> webpack/lib/ModuleBuildError -> PostCSSSyntaxError
Failed to compile.

./src/app/globals.css:98:5
Syntax error: /Users/erkardo/Desktop/wispr.mn/src/app/globals.css The `shadow-[0_8px_32px_0_rgba(0,` class does not exist. If `shadow-[0_8px_32px_0_rgba(0,` is a custom class, make sure it is defined within a `@layer` directive.

   96 | @layer utilities {
   97 |   .glass-morphism {
>  98 |     @apply backdrop-blur-3xl bg-white/5 border border-white/10 shadow-[0_8px_32px_0_rgba(0, 0, 0, 0.37)];
      |     ^
   99 |   }
  100 |

./src/app/globals.css
Syntax error: /Users/erkardo/Desktop/wispr.mn/src/app/globals.css The `shadow-[0_8px_32px_0_rgba(0,` class does not exist. If `shadow-[0_8px_32px_0_rgba(0,` is a custom class, make sure it is defined within a `@layer` directive. (98:5)

   96 | @layer utilities {
   97 |   .glass-morphism {
>  98 |     @apply backdrop-blur-3xl bg-white/5 border border-white/10 shadow-[0_8px_32px_0_rgba(0, 0, 0, 0.37)];
      |     ^
   99 |   }
  100 | 

    at tryRunOrWebpackError (/Users/erkardo/Desktop/wispr.mn/node_modules/next/dist/compiled/webpack/bundle5.js:29:316119)
    at __webpack_require_module__ (/Users/erkardo/Desktop/wispr.mn/node_modules/next/dist/compiled/webpack/bundle5.js:29:131532)
    at __nested_webpack_require_161494__ (/Users/erkardo/Desktop/wispr.mn/node_modules/next/dist/compiled/webpack/bundle5.js:29:130967)
    at /Users/erkardo/Desktop/wispr.mn/node_modules/next/dist/compiled/webpack/bundle5.js:29:131824
    at symbolIterator (/Users/erkardo/Desktop/wispr.mn/node_modules/next/dist/compiled/neo-async/async.js:1:14444)
    at done (/Users/erkardo/Desktop/wispr.mn/node_modules/next/dist/compiled/neo-async/async.js:1:14824)
    at Hook.eval [as callAsync] (eval at create (/Users/erkardo/Desktop/wispr.mn/node_modules/next/dist/compiled/webpack/bundle5.js:14:9224), <anonymous>:15:1)
    at Hook.CALL_ASYNC_DELEGATE [as _callAsync] (/Users/erkardo/Desktop/wispr.mn/node_modules/next/dist/compiled/webpack/bundle5.js:14:6378)
    at /Users/erkardo/Desktop/wispr.mn/node_modules/next/dist/compiled/webpack/bundle5.js:29:130687
    at symbolIterator (/Users/erkardo/Desktop/wispr.mn/node_modules/next/dist/compiled/neo-async/async.js:1:14402)
-- inner error --
Syntax error: /Users/erkardo/Desktop/wispr.mn/src/app/globals.css The `shadow-[0_8px_32px_0_rgba(0,` class does not exist. If `shadow-[0_8px_32px_0_rgba(0,` is a custom class, make sure it is defined within a `@layer` directive. (98:5)

   96 | @layer utilities {
   97 |   .glass-morphism {
>  98 |     @apply backdrop-blur-3xl bg-white/5 border border-white/10 shadow-[0_8px_32px_0_rgba(0, 0, 0, 0.37)];
      |     ^
   99 |   }
  100 | 

    at Object.<anonymous> (/Users/erkardo/Desktop/wispr.mn/node_modules/next/dist/build/webpack/loaders/css-loader/src/index.js??ruleSet[1].rules[14].oneOf[10].use[2]!/Users/erkardo/Desktop/wispr.mn/node_modules/next/dist/build/webpack/loaders/postcss-loader/src/index.js??ruleSet[1].rules[14].oneOf[10].use[3]!/Users/erkardo/Desktop/wispr.mn/src/app/globals.css:1:7)
    at /Users/erkardo/Desktop/wispr.mn/node_modules/next/dist/compiled/webpack/bundle5.js:29:962717
    at Hook.eval [as call] (eval at create (/Users/erkardo/Desktop/wispr.mn/node_modules/next/dist/compiled/webpack/bundle5.js:14:9002), <anonymous>:7:1)
    at Hook.CALL_DELEGATE [as _call] (/Users/erkardo/Desktop/wispr.mn/node_modules/next/dist/compiled/webpack/bundle5.js:14:6272)
    at /Users/erkardo/Desktop/wispr.mn/node_modules/next/dist/compiled/webpack/bundle5.js:29:131565
    at tryRunOrWebpackError (/Users/erkardo/Desktop/wispr.mn/node_modules/next/dist/compiled/webpack/bundle5.js:29:316073)
    at __webpack_require_module__ (/Users/erkardo/Desktop/wispr.mn/node_modules/next/dist/compiled/webpack/bundle5.js:29:131532)
    at __nested_webpack_require_161494__ (/Users/erkardo/Desktop/wispr.mn/node_modules/next/dist/compiled/webpack/bundle5.js:29:130967)
    at /Users/erkardo/Desktop/wispr.mn/node_modules/next/dist/compiled/webpack/bundle5.js:29:131824
    at symbolIterator (/Users/erkardo/Desktop/wispr.mn/node_modules/next/dist/compiled/neo-async/async.js:1:14444)

Generated code for /Users/erkardo/Desktop/wispr.mn/node_modules/next/dist/build/webpack/loaders/css-loader/src/index.js??ruleSet[1].rules[14].oneOf[10].use[2]!/Users/erkardo/Desktop/wispr.mn/node_modules/next/dist/build/webpack/loaders/postcss-loader/src/index.js??ruleSet[1].rules[14].oneOf[10].use[3]!/Users/erkardo/Desktop/wispr.mn/src/app/globals.css

Import trace for requested module:
./src/app/globals.css


> Build failed because of webpack errors
